13:35:57 29.8
13:36:02 46.4
13:36:07 29.6
13:36:12 36.1
13:36:17 30.5
13:36:22 34.3
13:36:27 38.3
13:36:32 32.4
13:36:37 36.4
13:36:42 42.4
13:36:47 42.4
13:36:52 55.1
13:36:57 33.9
13:37:02 32.8
13:37:07 37.0
13:37:12 36.8
13:37:17 36.8
13:37:22 30.8
13:37:27 35.8
13:37:32 29.7
13:37:37 41.9
13:37:42 47.7
13:37:47 40.7
13:37:52 36.8
13:37:57 31.0
13:38:02 35.5
13:38:07 29.2
13:38:12 35.5
13:38:17 29.9
13:38:22 197
13:38:27 29.3
13:38:32 41.6
13:38:37 38.4
13:38:42 36.6
13:38:47 45.5
13:38:52 38.3
13:38:57 43.1
13:39:02 46.8
13:39:07 34.5
13:39:12 28.5
13:39:17 32.3
13:39:22 36.5
13:39:27 30.3
13:39:32 37.5
13:39:37 31.3
13:39:42 48.1
13:39:47 34.7
13:39:52 38.0
13:39:57 29.5
13:40:02 37.1
13:40:07 31.3
13:40:12 35.7
13:40:17 30.5
13:40:22 43.4
13:40:27 38.7
13:40:32 42.8
13:40:37 37.8
13:40:42 41.5
13:40:47 35.7
13:40:52 29.4
13:40:57 42.0
13:41:02 40.6
13:41:07 46.5
13:41:12 38.4
13:41:17 39.8
13:41:22 46.8
13:41:27 33.0
13:41:32 37.4
13:41:37 56.4
13:41:42 35.0
13:41:47 60.6
13:41:52 51.2
13:41:57 49.4
13:42:02 62.5
13:42:07 46.3
13:42:12 54.0
13:42:17 50.1
13:42:22 70.6
13:42:27 60.4
13:42:32 53.6
13:42:37 41.3
13:42:42 53.4
13:42:47 57.2
13:42:52 55.5
13:42:57 48.1
13:43:02 54.6
13:43:07 60.6
13:43:12 62.3
13:43:17 84.6
13:43:22 96.3
13:43:27 142
13:43:32 47.3
13:43:37 88.3
13:43:42 118
13:43:47 48.2
13:43:52 59.3
13:43:57 51.7
13:44:02 100
13:44:07 56.3
13:44:12 157
13:44:17 57.2
13:44:22 51.4
13:44:27 65.3
13:44:32 41.2
13:44:37 56.3
13:44:42 67.5
13:44:47 56.4
13:44:52 76.1
13:44:57 56.2
13:45:02 50.2
13:45:07 56.1
13:45:12 51.1
13:45:17 56.1
13:45:22 51.1
13:45:27 56.1
13:45:32 52.1
13:45:37 59.0
13:45:42 71.1
13:45:47 56.8
13:45:52 50.1
13:45:57 55.0
13:46:02 58.0
13:46:07 55.0
13:46:12 50.1
13:46:17 54.7
13:46:22 96.2
13:46:27 54.1
13:46:32 57.0
18:48:28 50.2
18:48:33 42.4
18:48:38 58.3
18:48:43 53.0
18:48:48 58.0
18:48:53 55.1
18:48:58 58.1
18:49:03 59.5
18:49:08 57.3
