20:22:39 43.2
20:22:44 45.2
20:22:49 42.1
20:22:54 40.6
20:22:59 58.3
20:23:04 50.3
20:23:09 40.4
20:59:20 439
20:59:24 564
20:59:29 189
20:59:44 38.9
20:59:50 514
21:00:00 45.7
21:00:05 49.4
21:00:15 53.8
21:00:20 40.5
21:00:26 443
21:05:54 592
21:07:36 626
21:08:12 588
21:08:17 389
21:08:27 440
21:08:32 561
21:08:37 437
21:08:42 467
21:09:03 575
21:09:13 335
21:09:18 444
21:09:23 497
21:09:28 239
21:09:43 501
21:09:53 543
21:09:58 405
21:10:03 424
21:10:08 454
21:10:34 555
21:10:38 133
21:10:54 298
21:11:09 508
21:11:20 423
21:11:24 197
21:17:43 125
21:17:49 640
21:17:53 49.1
21:17:59 333
21:18:03 38.9
21:18:08 43.5
21:18:13 37.5
