17:52:04 33.8
17:52:05 42.1
17:52:06 41.2
17:52:07 39.2
17:52:08 38.8
17:52:09 37.2
17:52:10 35.2
17:52:11 43.2
17:52:12 33.2
17:52:13 33.4
17:52:14 41.1
17:52:15 40.2
17:52:16 29.2
17:52:17 39.0
17:52:18 39.2
17:52:19 37.3
17:52:20 35.2
17:52:21 35.2
17:52:22 33.1
17:52:24 43.2
17:52:24 32.3
17:52:26 41.0
17:52:27 40.1
17:52:28 39.2
17:52:29 38.1
17:52:30 37.1
17:52:31 36.1
17:52:32 35.3
17:52:33 33.2
17:52:34 42.2
17:52:35 42.1
17:52:36 41.2
17:52:37 29.1
17:52:38 29.0
17:52:39 38.2
17:52:40 38.2
17:52:41 44.2
17:52:42 34.0
17:52:43 42.1
17:52:44 33.2
17:52:45 42.2
17:52:46 43.2
17:52:47 40.2
17:52:48 39.7
17:52:49 29.2
17:52:50 38.1
17:52:51 43.2
17:52:52 33.9
17:52:53 33.9
17:52:54 43.2
17:52:55 42.2
17:52:56 31.2
17:52:57 48.2
17:52:58 39.2
17:52:59 38.2
17:53:00 36.2
17:53:01 35.1
17:53:02 34.2
17:53:03 32.7
17:53:04 32.2
17:53:05 40.1
17:53:06 28.0
17:53:07 38.1
17:53:08 36.1
17:53:09 35.2
17:53:10 35.0
17:53:11 32.9
17:53:12 33.1
17:53:13 42.2
17:53:14 41.2
17:53:15 36.1
17:53:16 39.0
17:53:17 27.1
17:53:18 37.1
17:53:19 36.0
17:53:20 34.1
17:53:21 33.2
17:53:22 32.3
17:53:23 42.2
17:53:24 52.3
17:53:25 49.2
17:53:26 40.1
17:53:27 37.2
17:53:28 36.8
17:53:29 23.0
17:53:30 34.2
17:53:31 20.0
17:53:32 33.3
17:53:33 31.2
17:53:34 41.1
17:53:35 30.1
17:53:36 38.1
17:53:37 37.6
17:53:38 35.3
17:53:39 34.3
17:53:40 34.1
17:53:41 43.1
17:53:42 42.1
17:53:43 31.1
17:53:44 40.1
17:53:45 39.2
18:01:41 31.9
18:01:42 41.1
18:01:43 31.5
18:01:44 39.3
