19:28:34 423
19:28:39 46.6
19:28:49 159
19:28:54 250
19:28:59 54.2
19:29:10 164
19:29:15 639
19:29:35 50.6
19:29:41 525
19:29:56 525
19:30:01 532
19:30:22 544
19:30:32 34.8
19:32:55 412
19:33:21 234
19:33:26 46.1
19:33:31 143
19:33:36 37.4
19:33:41 130
19:33:46 33.4
19:33:51 298
19:33:56 40.4
19:34:01 43.2
19:34:06 50.0
19:34:11 44.3
19:34:16 46.6
19:34:21 49.3
19:34:26 35.4
19:34:31 50.5
19:34:36 51.3
19:34:41 45.3
19:34:46 49.6
19:34:51 46.6
19:34:56 40.4
19:35:01 60.4
19:35:06 45.5
19:35:11 39.4
19:35:16 43.4
19:35:21 47.4
19:35:26 85.3
19:35:31 45.5
19:35:36 41.4
19:35:41 43.4
19:35:46 55.5
19:35:51 51.4
19:35:56 38.4
19:36:01 41.1
19:36:06 35.6
19:36:11 50.4
19:36:16 52.6
19:36:21 50.5
19:36:26 63.4
19:36:31 48.4
19:36:36 50.2
19:36:41 44.4
19:36:46 38.4
19:36:51 54.2
19:36:56 36.6
19:37:01 48.4
19:37:06 43.4
19:37:11 38.4
19:37:16 42.2
19:37:21 35.6
19:37:26 47.3
19:37:31 37.7
19:37:36 31.9
19:37:41 43.4
19:37:46 37.5
19:37:51 52.3
19:37:56 46.5
19:38:01 50.2
19:38:06 43.3
19:38:11 49.4
19:38:16 54.0
19:38:21 41.9
19:38:26 44.2
19:38:31 39.4
19:38:36 52.8
19:38:41 54.4
19:38:46 40.5
19:38:51 43.4
19:38:56 47.5
19:39:01 54.2
19:39:06 51.2
19:39:11 38.2
19:39:16 51.0
19:39:21 40.6
19:39:26 50.3
19:39:31 45.4
19:39:36 54.8
19:39:41 52.3
19:39:46 48.4
19:39:51 59.2
19:39:56 46.3
19:40:01 53.4
19:40:06 44.5
19:40:11 48.4
19:40:16 44.4
19:40:21 55.4
19:40:26 51.2
19:40:31 47.4
19:40:36 52.4
19:40:41 37.4
19:40:46 43.6
19:40:51 39.4
19:40:56 47.7
19:41:01 45.4
19:41:06 42.8
19:41:11 53.4
19:41:16 50.4
19:41:21 41.4
19:41:26 55.3
19:41:31 49.4
19:41:36 52.4
19:41:41 47.4
19:41:46 54.4
19:41:51 46.3
19:41:56 51.4
19:42:01 52.4
19:42:06 57.4
19:42:11 51.4
19:42:16 45.4
19:42:21 31.4
19:42:26 43.4
19:42:31 29.4
19:42:36 43.2
19:42:41 45.5
19:42:46 47.3
19:42:51 36.4
19:42:56 55.4
19:43:01 52.3
19:43:06 57.3
19:43:11 53.4
19:43:16 41.2
19:43:21 54.4
19:43:26 51.4
19:43:31 42.1
19:43:36 47.4
19:43:41 45.9
19:43:46 40.7
19:43:51 55.3
19:43:56 50.4
19:44:01 42.2
19:44:06 36.4
19:44:11 40.4
19:44:16 51.4
19:44:21 38.4
19:44:26 52.4
19:44:31 46.3
19:44:36 47.4
19:44:41 51.4
19:44:46 46.5
19:44:51 58.4
19:44:56 44.1
19:45:01 49.3
19:45:06 58.1
19:45:11 47.5
19:45:16 52.3
19:45:21 37.3
19:45:26 49.4
19:45:31 43.4
19:45:36 57.2
19:45:41 51.7
19:45:46 38.3
19:45:51 59.2
19:45:56 35.5
19:46:01 47.4
19:46:06 54.8
19:46:11 49.5
19:46:16 49.4
19:46:21 51.4
19:46:26 47.3
19:46:31 41.8
19:46:36 46.4
19:46:41 38.2
19:46:46 57.2
19:46:51 37.7
19:46:56 40.0
19:47:02 275
19:47:06 46.1
19:47:11 43.4
19:47:16 48.4
19:47:21 51.4
19:47:26 45.4
19:47:32 52.4
19:47:36 36.2
19:47:41 29.3
19:47:47 43.6
19:47:52 45.4
19:47:57 49.4
19:48:02 51.3
19:48:07 47.4
19:48:12 41.2
19:48:17 45.5
19:48:22 42.5
19:48:27 38.5
19:48:32 58.4
19:48:37 43.4
19:48:42 47.2
19:48:47 52.6
19:48:52 45.8
19:48:57 42.4
19:49:02 41.4
19:49:07 58.3
19:49:12 45.4
19:49:17 47.4
19:49:22 51.8
19:49:27 54.5
19:49:32 49.4
19:49:37 44.4
19:49:42 47.5
19:49:47 52.4
19:49:52 53.4
19:49:57 39.5
19:50:02 43.3
19:50:07 37.4
19:50:12 45.5
19:50:17 57.4
19:50:22 40.5
19:50:27 67.4
19:50:32 45.4
19:50:37 52.5
19:50:42 45.4
19:50:47 41.4
19:50:52 36.4
19:50:57 47.3
19:51:02 51.3
19:51:07 38.3
19:51:12 39.5
19:51:17 35.4
19:51:22 40.4
19:51:27 59.5
19:51:32 45.3
19:51:37 49.6
19:51:42 43.4
19:51:47 47.4
19:51:52 34.4
19:51:57 38.4
19:52:02 54.4
19:52:07 35.4
19:52:12 47.3
19:52:17 41.4
19:52:22 45.3
19:52:27 39.5
19:52:32 43.4
19:52:37 47.3
19:52:42 59.4
19:52:47 45.3
19:52:52 51.6
19:52:57 45.4
19:53:02 50.4
19:53:07 43.4
19:53:12 55.2
19:53:17 52.6
19:53:22 54.3
19:53:27 47.5
19:53:32 44.3
19:53:37 47.4
19:53:42 34.4
19:53:47 54.1
19:53:52 57.7
19:53:57 43.4
19:54:02 40.5
19:54:07 44.9
19:54:12 62.5
19:54:17 50.4
19:54:22 45.2
19:54:27 49.5
19:54:32 48.5
19:54:37 52.3
19:54:42 54.4
19:54:47 51.5
19:54:52 47.1
19:54:57 60.4
19:55:02 37.5
19:55:07 39.4
19:55:12 37.3
19:55:17 39.5
19:55:22 46.8
19:55:27 55.6
19:55:32 41.4
19:55:37 47.5
19:55:42 49.3
19:55:47 45.5
19:55:52 46.3
19:55:57 36.3
19:56:02 46.6
19:56:07 51.4
19:56:12 37.4
19:56:17 57.4
19:56:22 52.3
19:56:27 47.5
19:56:32 51.2
19:56:37 48.4
19:56:42 50.0
19:56:47 61.5
19:56:52 58.1
19:56:57 43.3
19:57:02 29.3
19:57:07 51.6
19:57:12 54.8
19:57:17 50.3
19:57:22 36.4
19:57:27 40.4
19:57:32 52.4
19:57:37 46.7
19:57:42 43.4
19:57:47 36.3
19:57:52 41.4
19:57:57 43.1
19:58:02 39.4
19:58:07 44.8
